[INFO  - 2016-11-23T20:50:21.220Z] GhostDriver - Main - running on port 52694
[INFO  - 2016-11-23T20:50:22.151Z] Session [73861b10-b1be-11e6-8e35-b3ad7388d328] - page.settings - {"XSSAuditingEnabled":false,"javascriptCanCloseWindows":true,"javascriptCanOpenWindows":true,"javascriptEnabled":true,"loadImages":true,"localToRemoteUrlAccessEnabled":false,"userAgent":"Mozilla/5.0 (Unknown; Linux x86_64) AppleWebKit/538.1 (KHTML, like Gecko) PhantomJS/2.1.1 Safari/538.1","webSecurityEnabled":true}
[INFO  - 2016-11-23T20:50:22.151Z] Session [73861b10-b1be-11e6-8e35-b3ad7388d328] - page.customHeaders:  - {}
[INFO  - 2016-11-23T20:50:22.151Z] Session [73861b10-b1be-11e6-8e35-b3ad7388d328] - Session.negotiatedCapabilities - {"browserName":"phantomjs","version":"2.1.1","driverName":"ghostdriver","driverVersion":"1.2.0","platform":"linux-unknown-64bit","javascriptEnabled":true,"takesScreenshot":true,"handlesAlerts":false,"databaseEnabled":false,"locationContextEnabled":false,"applicationCacheEnabled":false,"browserConnectionEnabled":false,"cssSelectorsEnabled":true,"webStorageEnabled":false,"rotatable":false,"acceptSslCerts":false,"nativeEvents":true,"proxy":{"proxyType":"direct"}}
[INFO  - 2016-11-23T20:50:22.151Z] SessionManagerReqHand - _postNewSessionCommand - New Session Created: 73861b10-b1be-11e6-8e35-b3ad7388d328
[INFO  - 2016-11-23T20:54:22.586Z] SessionManagerReqHand - _cleanupWindowlessSessions - Asynchronous Sessions clean-up phase starting NOW
1: An attempt was made to use an object that is not, or is no longer, usable.

  phantomjs://platform/console++.js:263 in error
[ERROR - 2016-11-23T20:50:22.980Z] Session [73861b10-b1be-11e6-8e35-b3ad7388d328] - page.onError - stack:
  b (https://edge.fscdn.org/assets/js/fs-2ae9f688c785932c66c919d5e298ddf9.js:1)
  (anonymous function) (https://edge.fscdn.org/assets/js/fs-2ae9f688c785932c66c919d5e298ddf9.js:1)
  open (:0)
  open (https://edge.fscdn.org/assets/js/fs-2ae9f688c785932c66c919d5e298ddf9.js:1)
  send (https://assets.adobedtm.com/05c94072b1046aef0dc9b195809b4d2429a0d30a/mbox-contents-a85403ed97d350cfbf5b8b3bcb6e204918389d5e.js:13)
  ajax (https://assets.adobedtm.com/05c94072b1046aef0dc9b195809b4d2429a0d30a/mbox-contents-a85403ed97d350cfbf5b8b3bcb6e204918389d5e.js:13)
  C (https://assets.adobedtm.com/05c94072b1046aef0dc9b195809b4d2429a0d30a/mbox-contents-a85403ed97d350cfbf5b8b3bcb6e204918389d5e.js:11)
  (anonymous function) (https://assets.adobedtm.com/05c94072b1046aef0dc9b195809b4d2429a0d30a/mbox-contents-a85403ed97d350cfbf5b8b3bcb6e204918389d5e.js:11)
  r (https://assets.adobedtm.com/05c94072b1046aef0dc9b195809b4d2429a0d30a/mbox-contents-a85403ed97d350cfbf5b8b3bcb6e204918389d5e.js:11)
  (anonymous function) (https://assets.adobedtm.com/05c94072b1046aef0dc9b195809b4d2429a0d30a/mbox-contents-a85403ed97d350cfbf5b8b3bcb6e204918389d5e.js:11)
  (anonymous function) (https://assets.adobedtm.com/05c94072b1046aef0dc9b195809b4d2429a0d30a/mbox-contents-a85403ed97d350cfbf5b8b3bcb6e204918389d5e.js:13)
  s (https://assets.adobedtm.com/05c94072b1046aef0dc9b195809b4d2429a0d30a/mbox-contents-a85403ed97d350cfbf5b8b3bcb6e204918389d5e.js:13)
  add (https://assets.adobedtm.com/05c94072b1046aef0dc9b195809b4d2429a0d30a/mbox-contents-a85403ed97d350cfbf5b8b3bcb6e204918389d5e.js:13)
  (anonymous function) (https://assets.adobedtm.com/05c94072b1046aef0dc9b195809b4d2429a0d30a/mbox-contents-a85403ed97d350cfbf5b8b3bcb6e204918389d5e.js:13)
  each (https://assets.adobedtm.com/05c94072b1046aef0dc9b195809b4d2429a0d30a/mbox-contents-a85403ed97d350cfbf5b8b3bcb6e204918389d5e.js:12)
  (anonymous function) (https://assets.adobedtm.com/05c94072b1046aef0dc9b195809b4d2429a0d30a/mbox-contents-a85403ed97d350cfbf5b8b3bcb6e204918389d5e.js:13)
  Deferred (https://assets.adobedtm.com/05c94072b1046aef0dc9b195809b4d2429a0d30a/mbox-contents-a85403ed97d350cfbf5b8b3bcb6e204918389d5e.js:13)
  then (https://assets.adobedtm.com/05c94072b1046aef0dc9b195809b4d2429a0d30a/mbox-contents-a85403ed97d350cfbf5b8b3bcb6e204918389d5e.js:13)
  fetch (https://assets.adobedtm.com/05c94072b1046aef0dc9b195809b4d2429a0d30a/mbox-contents-a85403ed97d350cfbf5b8b3bcb6e204918389d5e.js:11)
  s (https://assets.adobedtm.com/05c94072b1046aef0dc9b195809b4d2429a0d30a/mbox-contents-a85403ed97d350cfbf5b8b3bcb6e204918389d5e.js:12)
  (anonymous function) (https://assets.adobedtm.com/05c94072b1046aef0dc9b195809b4d2429a0d30a/mbox-contents-a85403ed97d350cfbf5b8b3bcb6e204918389d5e.js:12)
  a (https://assets.adobedtm.com/05c94072b1046aef0dc9b195809b4d2429a0d30a/mbox-contents-a85403ed97d350cfbf5b8b3bcb6e204918389d5e.js:12)
  (anonymous function) (https://assets.adobedtm.com/05c94072b1046aef0dc9b195809b4d2429a0d30a/mbox-contents-a85403ed97d350cfbf5b8b3bcb6e204918389d5e.js:13)
  s (https://assets.adobedtm.com/05c94072b1046aef0dc9b195809b4d2429a0d30a/mbox-contents-a85403ed97d350cfbf5b8b3bcb6e204918389d5e.js:13)
  add (https://assets.adobedtm.com/05c94072b1046aef0dc9b195809b4d2429a0d30a/mbox-contents-a85403ed97d350cfbf5b8b3bcb6e204918389d5e.js:13)
  (anonymous function) (https://assets.adobedtm.com/05c94072b1046aef0dc9b195809b4d2429a0d30a/mbox-contents-a85403ed97d350cfbf5b8b3bcb6e204918389d5e.js:13)
  each (https://assets.adobedtm.com/05c94072b1046aef0dc9b195809b4d2429a0d30a/mbox-contents-a85403ed97d350cfbf5b8b3bcb6e204918389d5e.js:12)
  (anonymous function) (https://assets.adobedtm.com/05c94072b1046aef0dc9b195809b4d2429a0d30a/mbox-contents-a85403ed97d350cfbf5b8b3bcb6e204918389d5e.js:13)
  Deferred (https://assets.adobedtm.com/05c94072b1046aef0dc9b195809b4d2429a0d30a/mbox-contents-a85403ed97d350cfbf5b8b3bcb6e204918389d5e.js:13)
  then (https://assets.adobedtm.com/05c94072b1046aef0dc9b195809b4d2429a0d30a/mbox-contents-a85403ed97d350cfbf5b8b3bcb6e204918389d5e.js:13)
  e (https://assets.adobedtm.com/05c94072b1046aef0dc9b195809b4d2429a0d30a/mbox-contents-a85403ed97d350cfbf5b8b3bcb6e204918389d5e.js:12)
  Mr (https://assets.adobedtm.com/05c94072b1046aef0dc9b195809b4d2429a0d30a/mbox-contents-a85403ed97d350cfbf5b8b3bcb6e204918389d5e.js:12)
  (anonymous function) (https://assets.adobedtm.com/05c94072b1046aef0dc9b195809b4d2429a0d30a/mbox-contents-a85403ed97d350cfbf5b8b3bcb6e204918389d5e.js:14)
  (anonymous function) (https://assets.adobedtm.com/05c94072b1046aef0dc9b195809b4d2429a0d30a/mbox-contents-a85403ed97d350cfbf5b8b3bcb6e204918389d5e.js:14)

  phantomjs://platform/console++.js:263 in error
[ERROR - 2016-11-23T20:50:23.106Z] Session [73861b10-b1be-11e6-8e35-b3ad7388d328] - page.onError - msg: InvalidStateError: DOM Exception 11: An attempt was made to use an object that is not, or is no longer, usable.

  phantomjs://platform/console++.js:263 in error
[ERROR - 2016-11-23T20:50:23.106Z] Session [73861b10-b1be-11e6-8e35-b3ad7388d328] - page.onError - stack:
  b (https://edge.fscdn.org/assets/js/fs-2ae9f688c785932c66c919d5e298ddf9.js:1)
  (anonymous function) (https://edge.fscdn.org/assets/js/fs-2ae9f688c785932c66c919d5e298ddf9.js:1)
  open (:0)
  open (https://edge.fscdn.org/assets/js/fs-2ae9f688c785932c66c919d5e298ddf9.js:1)
  sendViaXHR (https://edge.fscdn.org/assets/js/inject_0.7.1-de55c0ead9bd95d08e98b9cb493123a0.js:1)
  get (https://edge.fscdn.org/assets/js/inject_0.7.1-de55c0ead9bd95d08e98b9cb493123a0.js:1)
  (anonymous function) (https://edge.fscdn.org/assets/js/inject_0.7.1-de55c0ead9bd95d08e98b9cb493123a0.js:1)
  download (https://edge.fscdn.org/assets/js/inject_0.7.1-de55c0ead9bd95d08e98b9cb493123a0.js:1)
 [INFO  - 2016-11-23T20:51:19.534Z] SessionManagerReqHand - _cleanupWindowlessSessions - Asynchronous Sessions clean-up phase starting NOW
inject_0.7.1-de55c0ead9bd95d08e98b9cb493123a0.js:1)
  (anonymous function) (https://edge.fscdn.org/assets/js/inject_0.7.1-de55c0ead9bd95d08e98b9cb493123a0.js:1)

  phantomjs://platform/console++.js:263 in error
[ERROR - 2016-11-23T20:50:23.422Z] Session [73861b10-b1be-11e6-8e35-b3ad7388d328] - page.onError - msg: InvalidStateError: DOM Exception 11: An attempt was made to use an object that is not, or is no longer, usable.

  phantomjs://platform/console++.js:263 in error
[ERROR - 2016-11-23T20:50:23.422Z] Session [73861b10-b1be-11e6-8e35-b3ad7388d328] - page.onError - stack:
  b (https://edge.fscdn.org/assets/js/fs-2ae9f688c785932c66c919d5e298ddf9.js:1)
  (anonymous function) (https://edge.fscdn.org/assets/js/fs-2ae9f688c785932c66c919d5e298ddf9.js:1)
  open (:0)
  open (https://edge.fscdn.org/assets/js/fs-2ae9f688c785932c66c919d5e298ddf9.js:1)
  sendViaXHR (https://edge.fscdn.org/assets/js/inject_0.7.1-de55c0ead9bd95d08e98b9cb493123a0.js:1)
  get (https://edge.fscdn.org/assets/js/inject_0.7.1-de55c0ead9bd95d08e98b9cb493123a0.js:1)
  (anonymous function) (https://edge.fscdn.org/assets/js/inject_0.7.1-de55c0ead9bd95d08e98b9cb493123a0.js:1)
  download (https://edge.fscdn.org/assets/js/inject_0.7.1-de55c0ead9bd95d08e98b9cb493123a0.js:1)
  process (https://edge.fscdn.org/assets/js/inject_0.7.1-de55c0ead9bd95d08e98b9cb493123a0.js:1)
  ensure (https://edge.fscdn.org/assets/js/inject_0.7.1-de55c0ead9bd95d08e98b9cb493123a0.js:1)
  (anonymous function) (https://edge.fscdn.org/assets/js/inject_0.7.1-de55c0ead9bd95d08e98b9cb493123a0.js:1)
  (anonymous function) (https://edge.fscdn.org/assets/js/angular/ComboViewer/ComboViewerPopup-f7ed39c49d2a3348b13abef3d7db6c02.js:1)

  phantomjs://platform/console++.js:263 in error
[ERROR - 2016-11-23T20:50:23.688Z] Session [73861b10-b1be-11e6-8e35-b3ad7388d328] - page.onError - msg: InvalidStateError: DOM Exception 11: An attempt was made to use an object that is not, or is no longer, usable.

  phantomjs://platform/console++.js:263 in error
[ERROR - 2016-11-23T20:50:23.688Z] Session [73861b10-b1be-11e6-8e35-b3ad7388d328] - page.onError - stack:
  b (https://edge.fscdn.org/assets/js/fs-2ae9f688c785932c66c919d5e298ddf9.js:1)
  (anonymous function) (https://edge.fscdn.org/assets/js/fs-2ae9f688c785932c66c919d5e298ddf9.js:1)
  open (:0)
  open (https://edge.fscdn.org/assets/js/fs-2ae9f688c785932c66c919d5e298ddf9.js:1)
  sendViaXHR (https://edge.fscdn.org/assets/js/inject_0.7.1-de55c0ead9bd95d08e98b9cb493123a0.js:1)
  get (https://edge.fscdn.org/assets/js/inject_0.7.1-de55c0ead9bd95d08e98b9cb493123a0.js:1)
  (anonymous function) (https://edge.fscdn.org/assets/js/inject_0.7.1-de55c0ead9bd95d08e98b9cb493123a0.js:1)
  download (https://edge.fscdn.org/assets/js/inject_0.7.1-de55c0ead9bd95d08e98b9cb493123a0.js:1)
  process (https://edge.fscdn.org/assets/js/inject_0.7.1-de55c0ead9bd95d08e98b9cb493123a0.js:1)
  ensure (https://edge.fscdn.org/assets/js/inject_0.7.1-de55c0ead9bd95d08e98b9cb493123a0.js:1)
  (anonymous function) (https://edge.fscdn.org/assets/js/inject_0.7.1-de55c0ead9bd95d08e98b9cb493123a0.js:1)
  init (https://edge.fscdn.org/assets/js/fs-2ae9f688c785932c66c919d5e298ddf9.js:1)
  (anonymous function) (https://familysearch.org/search/collection/results?count=20&query=%2Bdeath_place%3A%22King%20county%22~%20%2Bdeath_year%3A2011-2014~&collection_id=1202535:190)

  phantomjs://platform/console++.js:263 in error
[ERROR - 2016-11-23T20:50:23.689Z] Session [73861b10-b1be-11e6-8e35-b3ad7388d328] - page.onError - msg: InvalidStateError: DOM Exception 11: An attempt was made to use an object that is not, or is no longer, usable.

  phantomjs://platform/console++.js:263 in error
[ERROR - 2016-11-23T20:50:23.690Z] Session [73861b10-b1be-11e6-8e35-b3ad7388d328] - page.onError - stack:
  b (https://edge.fscdn.org/assets/js/fs-2ae9f688c785932c66c919d5e298ddf9.js:1)
  (anonymous function) (https://edge.fscdn.org/assets/js/fs-2ae9f688c785932c66c919d5e298ddf9.js:1)
  open (:0)
  open (https://edge.fscdn.org/assets/js/fs-2ae9f688c785932c66c919d5e298ddf9.js:1)
  sendViaXHR (https://edge.fscdn.org/assets/js/inject_0.7.1-de55c0ead9bd95d08e98b9cb493123a0.js:1)
  get (https://edge.fscdn.org/assets/js/inject_0.7.1-de55c0ead9bd95d08e98b9cb493123a0.js:1)
  (anonymous function) (https://edge.fscdn.org/assets/js/inject_0.7.1-de55c0ead9bd95d08e98b9cb493123a0.js:1)
  download (https://edge.fscdn.org/assets/js/inject_0.7.1-de55c0ead9bd95d08e98b9cb493123a0.js:1)
  process (https://edge.fscdn.org/assets/js/inject_0.7.1-de55c0ead9bd95d08e98b9cb493123a0.js:1)
  ensure (https://edge.fscdn.org/assets/js/inject_0.7.1-de55c0ead9bd95d08e98b9cb493123a0.js:1)
  (anonymous function) (https://edge.fscdn.org/assets/js/inject_0.7.1-de55c0ead9bd95d08e98b9cb493123a0.js:1)
  init (https://edge.fscdn.org/assets/js/fs-2ae9f688c785932c66c919d5e298ddf9.js:1)
  (anonymous function) (https://familysearch.org/search/collection/results?count=20&query=%2Bdeath_place%3A%22King%20county%22~%20%2Bdeath_year%3A2011-2014~&collection_id=1202535:190)

  phantomjs://platform/console++.js:263 in error
[ERROR - 2016-11-23T20:50:23.690Z] Session [73861b10-b1be-11e6-8e35-b3ad7388d328] - page.onError - msg: InvalidStateError: DOM Exception 11: An attempt was made to use an object that is not, or is no longer, usable.

  phantomjs://platform/console++.js:263 in error
[ERROR - 2016-11-23T20:50:23.690Z] Session [73861b10-b1be-11e6-8e35-b3ad7388d328] - page.onError - stack:
  b (https://edge.fscdn.org/assets/js/fs-2ae9f688c785932c66c919d5e298ddf9.js:1)
  (anonymous function) (https://edge.fscdn.org/assets/js/fs-2ae9f688c785932c66c919d5e298ddf9.js:1)
  open (:0)
  open (https://edge.fscdn.org/assets/js/fs-2ae9f688c785932c66c919d5e298ddf9.js:1)
  sendViaXHR (https://edge.fscdn.org/assets/js/inject_0.7.1-de55c0ead9bd95d08e98b9cb493123a0.js:1)
  get (https://edge.fscdn.org/assets/js/inject_0.7.1-de55c0ead9bd95d08e98b9cb493123a0.js:1)
  (anonymous function) (https://edge.fscdn.org/assets/js/inject_0.7.1-de55c0ead9bd95d08e98b9cb493123a0.js:1)
  download (https://edge.fscdn.org/assets/js/inject_0.7.1-de55c0ead9bd95d08e98b9cb493123a0.js:1)
  process (https://edge.fscdn.org/assets/js/inject_0.7.1-de55c0ead9bd95d08e98b9cb493123a0.js:1)
  ensure (https://edge.fscdn.org/assets/js/inject_0.7.1-de55c0ead9bd95d08e98b9cb493123a0.js:1)
  (anonymous function) (https://edge.fscdn.org/assets/js/inject_0.7.1-de55c0ead9bd95d08e98b9cb493123a0.js:1)
  init (https://edge.fscdn.org/assets/js/fs-2ae9f688c785932c66c919d5e298ddf9.js:1)
  (anonymous function) (https://familysearch.org/search/collection/results?count=20&query=%2Bdeath_place%3A%22King%20county%22~%20%2Bdeath_year%3A2011-2014~&collection_id=1202535:190)

  phantomjs://platform/console++.js:263 in error
[ERROR - 2016-11-23T20:50:23.691Z] Session [73861b10-b1be-11e6-8e35-b3ad7388d328] - page.onError - msg: InvalidStateError: DOM Exception 11: An attempt was made to use an object that is not, or is no longer, usable.

  phantomjs://platform/console++.js:263 in error
[ERROR - 2016-11-23T20:50:23.691Z] Session [73861b10-b1be-11e6-8e35-b3ad7388d328] - page.onError - stack:
  b (https://edge.fscdn.org/assets/js/fs-2ae9f688c785932c66c919d5e298ddf9.js:1)
  (anonymous function) (https://edge.fscdn.org/assets/js/fs-2ae9f688c785932c66c919d5e298ddf9.js:1)
  open (:0)
  open (https://edge.fscdn.org/assets/js/fs-2ae9f688c785932c66c919d5e298ddf9.js:1)
  sendViaXHR (https://edge.fscdn.org/assets/js/inject_0.7.1-de55c0ead9bd95d08e98b9cb493123a0.js:1)
  get (https://edge.fscdn.org/assets/js/inject_0.7.1-de55c0ead9bd95d08e98b9cb493123a0.js:1)
  (anonymous function) (https://edge.fscdn.org/assets/js/inject_0.7.1-de55c0ead9bd95d08e98b9cb493123a0.js:1)
  download (https://edge.fscdn.org/assets/js/inject_0.7.1-de55c0ead9bd95d08e98b9cb493123a0.js:1)
  process (https://edge.fscdn.org/assets/js/inject_0.7.1-de55c0ead9bd95d08e98b9cb493123a0.js:1)
  ensure (https://edge.fscdn.org/assets/js/inject_0.7.1-de55c0ead9bd95d08e98b9cb493123a0.js:1)
  (anonymous function) (https://edge.fscdn.org/assets/js/inject_0.7.1-de55c0ead9bd95d08e98b9cb493123a0.js:1)
  init (https://edge.fscdn.org/assets/js/fs-2ae9f688c785932c66c919d5e298ddf9.js:1)
  (anonymous function) (https://familysearch.org/search/collection/results?count=20&query=%2Bdeath_place%3A%22King%20county%22~%20%2Bdeath_year%3A2011-2014~&collection_id=1202535:190)

  phantomjs://platform/console++.js:263 in error
[ERROR - 2016-11-23T20:50:23.691Z] Session [73861b10-b1be-11e6-8e35-b3ad7388d328] - page.onError - msg: InvalidStateError: DOM Exception 11: An attempt was made to use an object that is not, or is no longer, usable.

  phantomjs://platform/console++.js:263 in error
[ERROR - 2016-11-23T20:50:23.691Z] Session [73861b10-b1be-11e6-8e35-b3ad7388d328] - page.onError - stack:
  b (https://edge.fscdn.org/assets/js/fs-2ae9f688c785932c66c919d5e298ddf9.js:1)
  (anonymous function) (https://edge.fscdn.org/assets/js/fs-2ae9f688c785932c66c919d5e298ddf9.js:1)
  open (:0)
  open (https://edge.fscdn.org/assets/js/fs-2ae9f688c785932c66c919d5e298ddf9.js:1)
  sendViaXHR (https://edge.fscdn.org/assets/js/inject_0.7.1-de55c0ead9bd95d08e98b9cb493123a0.js:1)
  get (https://edge.fscdn.org/assets/js/inject_0.7.1-de55c0ead9bd95d08e98b9cb493123a0.js:1)
  (anonymous function) (https://edge.fscdn.org/assets/js/inject_0.7.1-de55c0ead9bd95d08e98b9cb493123a0.js:1)
  download (https://edge.fscdn.org/assets/js/inject_0.7.1-de55c0ead9bd95d08e98b9cb493123a0.js:1)
  process (https://edge.fscdn.org/assets/js/inject_0.7.1-de55c0ead9bd95d08e98b9cb493123a0.js:1)
  ensure (https://edge.fscdn.org/assets/js/inject_0.7.1-de55c0ead9bd95d08e98b9cb493123a0.js:1)
  (anonymous function) (https://edge.fscdn.org/assets/js/inject_0.7.1-de55c0ead9bd95d08e98b9cb493123a0.js:1)
  init (https://edge.fscdn.org/assets/js/fs-2ae9f688c785932c66c919d5e298ddf9.js:1)
  (anonymous function) (https://familysearch.org/search/collection/results?count=20&query=%2Bdeath_place%3A%22King%20county%22~%20%2Bdeath_year%3A2011-2014~&collection_id=1202535:190)

  phantomjs://platform/console++.js:263 in error
[ERROR - 2016-11-23T20:50:23.692Z] Session [73861b10-b1be-11e6-8e35-b3ad7388d328] - page.onError - msg: InvalidStateError: DOM Exception 11: An attempt was made to use an object that is not, or is no longer, usable.

  phantomjs://platform/console++.js:263 in error
[ERROR - 2016-11-23T20:50:23.692Z] Session [73861b10-b1be-11e6-8e35-b3ad7388d328] - page.onError - stack:
  b (https://edge.fscdn.org/assets/js/fs-2ae9f688c785932c66c919d5e298ddf9.js:1)
  (anonymous function) (https://edge.fscdn.org/assets/js/fs-2ae9f688c785932c66c919d5e298ddf9.js:1)
  open (:0)
  open (https://edge.fscdn.org/assets/js/fs-2ae9f688c785932c66c919d5e298ddf9.js:1)
  sendViaXHR (https://edge.fscdn.org/assets/js/inject_0.7.1-de55c0ead9bd95d08e98b9cb493123a0.js:1)
  get (https://edge.fscdn.org/assets/js/inject_0.7.1-de55c0ead9bd95d08e98b9cb493123a0.js:1)
  (anonymous function) (https://edge.fscdn.org/assets/js/inject_0.7.1-de55c0ead9bd95d08e98b9cb493123a0.js:1)
  download (https://edge.fscdn.org/assets/js/inject_0.7.1-de55c0ead9bd95d08e98b9cb493123a0.js:1)
  process (https://edge.fscdn.org/assets/js/inject_0.7.1-de55c0ead9bd95d08e98b9cb493123a0.js:1)
  ensure (https://edge.fscdn.org/assets/js/inject_0.7.1-de55c0ead9bd95d08e98b9cb493123a0.js:1)
  (anonymous function) (https://edge.fscdn.org/assets/js/inject_0.7.1-de55c0ead9bd95d08e98b9cb493123a0.js:1)
  init (https://edge.fscdn.org/assets/js/fs-2ae9f688c785932c66c919d5e298ddf9.js:1)
  (anonymous function) (https://familysearch.org/search/collection/results?count=20&query=%2Bdeath_place%3A%22King%20county%22~%20%2Bdeath_year%3A2011-2014~&collection_id=1202535:190)

  phantomjs://platform/console++.js:263 in error
[ERROR - 2016-11-23T20:50:23.692Z] Session [73861b10-b1be-11e6-8e35-b3ad7388d328] - page.onError - msg: InvalidStateError: DOM Exception 11: An attempt was made to use an object that is not, or is no longer, usable.

  phantomjs://platform/console++.js:263 in error
[ERROR - 2016-11-23T20:50:23.693Z] Session [73861b10-b1be-11e6-8e35-b3ad7388d328] - page.onError - stack:
  b (https://edge.fscdn.org/assets/js/fs-2ae9f688c785932c66c919d5e298ddf9.js:1)
  (anonymous function) (https://edge.fscdn.org/assets/js/fs-2ae9f688c785932c66c919d5e298ddf9.js:1)
  open (:0)
  open (https://edge.fscdn.org/assets/js/fs-2ae9f688c785932c66c919d5e298ddf9.js:1)
  sendViaXHR (https://edge.fscdn.org/assets/js/inject_0.7.1-de55c0ead9bd95d08e98b9cb493123a0.js:1)
  get (https://edge.fscdn.org/assets/js/inject_0.7.1-de55c0ead9bd95d08e98b9cb493123a0.js:1)
  (anonymous function) (https://edge.fscdn.org/assets/js/inject_0.7.1-de55c0ead9bd95d08e98b9cb493123a0.js:1)
  download (https://edge.fscdn.org/assets/js/inject_0.7.1-de55c0ead9bd95d08e98b9cb493123a0.js:1)
  process (https://edge.fscdn.org/assets/js/inject_0.7.1-de55c0ead9bd95d08e98b9cb493123a0.js:1)
  ensure (https://edge.fscdn.org/assets/js/inject_0.7.1-de55c0ead9bd95d08e98b9cb493123a0.js:1)
  (anonymous function) (https://edge.fscdn.org/assets/js/inject_0.7.1-de55c0ead9bd95d08e98b9cb493123a0.js:1)
  init (https://edge.fscdn.org/assets/js/fs-2ae9f688c785932c66c919d5e298ddf9.js:1)
  (anonymous function) (https://familysearch.org/search/collection/results?count=20&query=%2Bdeath_place%3A%22King%20county%22~%20%2Bdeath_year%3A2011-2014~&collection_id=1202535:190)

  phantomjs://platform/console++.js:263 in error
[ERROR - 2016-11-23T20:50:23.693Z] Session [73861b10-b1be-11e6-8e35-b3ad7388d328] - page.onError - msg: InvalidStateError: DOM Exception 11: An attempt was made to use an object that is not, or is no longer, usable.

  phantomjs://platform/console++.js:263 in error
[ERROR - 2016-11-23T20:50:23.693Z] Session [73861b10-b1be-11e6-8e35-b3ad7388d328] - page.onError - stack:
  b (https://edge.fscdn.org/assets/js/fs-2ae9f688c785932c66c919d5e298ddf9.js:1)
  (anonymous function) (https://edge.fscdn.org/assets/js/fs-2ae9f688c785932c66c919d5e298ddf9.js:1)
  open (:0)
  open (https://edge.fscdn.org/assets/js/fs-2ae9f688c785932c66c919d5e298ddf9.js:1)
  sendViaXHR (https://edge.fscdn.org/assets/js/inject_0.7.1-de55c0ead9bd95d08e98b9cb493123a0.js:1)
  get (https://edge.fscdn.org/assets/js/inject_0.7.1-de55c0ead9bd95d08e98b9cb493123a0.js:1)
  (anonymous function) (https://edge.fscdn.org/assets/js/inject_0.7.1-de55c0ead9bd95d08e98b9cb493123a0.js:1)
  download (https://edge.fscdn.org/assets/js/inject_0.7.1-de55c0ead9bd95d08e98b9cb493123a0.js:1)
  process (https://edge.fscdn.org/assets/js/inject_0.7.1-de55c0ead9bd95d08e98b9cb493123a0.js:1)
  ensure (https://edge.fscdn.org/assets/js/inject_0.7.1-de55c0ead9bd95d08e98b9cb493123a0.js:1)
  (anonymous function) (https://edge.fscdn.org/assets/js/inject_0.7.1-de55c0ead9bd95d08e98b9cb493123a0.js:1)
  init (https://edge.fscdn.org/assets/js/fs-2ae9f688c785932c66c919d5e298ddf9.js:1)
  (anonymous function) (https://familysearch.org/search/collection/results?count=20&query=%2Bdeath_place%3A%22King%20county%22~%20%2Bdeath_year%3A2011-2014~&collection_id=1202535:190)

  phantomjs://platform/console++.js:263 in error
[ERROR - 2016-11-23T20:50:23.694Z] Session [73861b10-b1be-11e6-8e35-b3ad7388d328] - page.onError - msg: InvalidStateError: DOM Exception 11: An attempt was made to use an object that is not, or is no longer, usable.

  phantomjs://platform/console++.js:263 in error
[ERROR - 2016-11-23T20:50:23.694Z] Session [73861b10-b1be-11e6-8e35-b3ad7388d328] - page.onError - stack:
  b (https://edge.fscdn.org/assets/js/fs-2ae9f688c785932c66c919d5e298ddf9.js:1)
  (anonymous function) (https://edge.fscdn.org/assets/js/fs-2ae9f688c785932c66c919d5e298ddf9.js:1)
  open (:0)
  open (https://edge.fscdn.org/assets/js/fs-2ae9f688c785932c66c919d5e298ddf9.js:1)
  sendViaXHR (https://edge.fscdn.org/assets/js/inject_0.7.1-de55c0ead9bd95d08e98b9cb493123a0.js:1)
  get (https://edge.fscdn.org/assets/js/inject_0.7.1-de55c0ead9bd95d08e98b9cb493123a0.js:1)
  (anonymous function) (https://edge.fscdn.org/assets/js/inject_0.7.1-de55c0ead9bd95d08e98b9cb493123a0.js:1)
  download (https://edge.fscdn.org/assets/js/inject_0.7.1-de55c0ead9bd95d08e98b9cb493123a0.js:1)
  process (https://edge.fscdn.org/assets/js/inject_0.7.1-de55c0ead9bd95d08e98b9cb493123a0.js:1)
  ensure (https://edge.fscdn.org/assets/js/inject_0.7.1-de55c0ead9bd95d08e98b9cb493123a0.js:1)
  (anonymous function) (https://edge.fscdn.org/assets/js/inject_0.7.1-de55c0ead9bd95d08e98b9cb493123a0.js:1)
  init (https://edge.fscdn.org/assets/js/fs-2ae9f688c785932c66c919d5e298ddf9.js:1)
  (anonymous function) (https://familysearch.org/search/collection/results?count=20&query=%2Bdeath_place%3A%22King%20county%22~%20%2Bdeath_year%3A2011-2014~&collection_id=1202535:190)

  phantomjs://platform/console++.js:263 in error
[ERROR - 2016-11-23T20:50:23.694Z] Session [73861b10-b1be-11e6-8e35-b3ad7388d328] - page.onError - msg: InvalidStateError: DOM Exception 11: An attempt was made to use an object that is not, or is no longer, usable.

  phantomjs://platform/console++.js:263 in error
[ERROR - 2016-11-23T20:50:23.694Z] Session [73861b10-b1be-11e6-8e35-b3ad7388d328] - page.onError - stack:
  b (https://edge.fscdn.org/assets/js/fs-2ae9f688c785932c66c919d5e298ddf9.js:1)
  (anonymous function) (https://edge.fscdn.org/assets/js/fs-2ae9f688c785932c66c919d5e298ddf9.js:1)
  open (:0)
  open (https://edge.fscdn.org/assets/js/fs-2ae9f688c785932c66c919d5e298ddf9.js:1)
  sendViaXHR (https://edge.fscdn.org/assets/js/inject_0.7.1-de55c0ead9bd95d08e98b9cb493123a0.js:1)
  get (https://edge.fscdn.org/assets/js/inject_0.7.1-de55c0ead9bd95d08e98b9cb493123a0.js:1)
  (anonymous function) (https://edge.fscdn.org/assets/js/inject_0.7.1-de55c0ead9bd95d08e98b9cb493123a0.js:1)
  download (https://edge.fscdn.org/assets/js/inject_0.7.1-de55c0ead9bd95d08e98b9cb493123a0.js:1)
  process (https://edge.fscdn.org/assets/js/inject_0.7.1-de55c0ead9bd95d08e98b9cb493123a0.js:1)
  ensure (https://edge.fscdn.org/assets/js/inject_0.7.1-de55c0ead9bd95d08e98b9cb493123a0.js:1)
  (anonymous function) (https://edge.fscdn.org/assets/js/inject_0.7.1-de55c0ead9bd95d08e98b9cb493123a0.js:1)
  init (https://edge.fscdn.org/assets/js/fs-2ae9f688c785932c66c919d5e298ddf9.js:1)
  (anonymous function) (https://familysearch.org/search/collection/results?count=20&query=%2Bdeath_place%3A%22King%20county%22~%20%2Bdeath_year%3A2011-2014~&collection_id=1202535:190)

  phantomjs://platform/console++.js:263 in error
[ERROR - 2016-11-23T20:50:23.695Z] Session [73861b10-b1be-11e6-8e35-b3ad7388d328] - page.onError - msg: InvalidStateError: DOM Exception 11: An attempt was made to use an object that is not, or is no longer, usable.

  phantomjs://platform/console++.js:263 in error
[ERROR - 2016-11-23T20:50:23.695Z] Session [73861b10-b1be-11e6-8e35-b3ad7388d328] - page.onError - stack:
  b (https://edge.fscdn.org/assets/js/fs-2ae9f688c785932c66c919d5e298ddf9.js:1)
  (anonymous function) (https://edge.fscdn.org/assets/js/fs-2ae9f688c785932c66c919d5e298ddf9.js:1)
  open (:0)
  open (https://edge.fscdn.org/assets/js/fs-2ae9f688c785932c66c919d5e298ddf9.js:1)
  sendViaXHR (https://edge.fscdn.org/assets/js/inject_0.7.1-de55c0ead9bd95d08e98b9cb493123a0.js:1)
  get (https://edge.fscdn.org/assets/js/inject_0.7.1-de55c0ead9bd95d08e98b9cb493123a0.js:1)
  (anonymous function) (https://edge.fscdn.org/assets/js/inject_0.7.1-de55c0ead9bd95d08e98b9cb493123a0.js:1)
  download (https://edge.fscdn.org/assets/js/inject_0.7.1-de55c0ead9bd95d08e98b9cb493123a0.js:1)
  process (https://edge.fscdn.org/assets/js/inject_0.7.1-de55c0ead9bd95d08e98b9cb493123a0.js:1)
  ensure (https://edge.fscdn.org/assets/js/inject_0.7.1-de55c0ead9bd95d08e98b9cb493123a0.js:1)
  (anonymous function) (https://edge.fscdn.org/assets/js/inject_0.7.1-de55c0ead9bd95d08e98b9cb493123a0.js:1)
  init (https://edge.fscdn.org/assets/js/fs-2ae9f688c785932c66c919d5e298ddf9.js:1)
  (anonymous function) (https://familysearch.org/search/collection/results?count=20&query=%2Bdeath_place%3A%22King%20county%22~%20%2Bdeath_year%3A2011-2014~&collection_id=1202535:190)

  phantomjs://platform/console++.js:263 in error
[ERROR - 2016-11-23T20:50:23.695Z] Session [73861b10-b1be-11e6-8e35-b3ad7388d328] - page.onError - msg: InvalidStateError: DOM Exception 11: An attempt was made to use an object that is not, or is no longer, usable.

  phantomjs://platform/console++.js:263 in error
[ERROR - 2016-11-23T20:50:23.695Z] Session [73861b10-b1be-11e6-8e35-b3ad7388d328] - page.onError - stack:
  b (https://edge.fscdn.org/assets/js/fs-2ae9f688c785932c66c919d5e298ddf9.js:1)
  (anonymous function) (https://edge.fscdn.org/assets/js/fs-2ae9f688c785932c66c919d5e298ddf9.js:1)
  open (:0)
  open (https://edge.fscdn.org/assets/js/fs-2ae9f688c785932c66c919d5e298ddf9.js:1)
  sendViaXHR (https://edge.fscdn.org/assets/js/inject_0.7.1-de55c0ead9bd95d08e98b9cb493123a0.js:1)
  get (https://edge.fscdn.org/assets/js/inject_0.7.1-de55c0ead9bd95d08e98b9cb493123a0.js:1)
  (anonymous function) (https://edge.fscdn.org/assets/js/inject_0.7.1-de55c0ead9bd95d08e98b9cb493123a0.js:1)
  download (https://edge.fscdn.org/assets/js/inject_0.7.1-de55c0ead9bd95d08e98b9cb493123a0.js:1)
  process (https://edge.fscdn.org/assets/js/inject_0.7.1-de55c0ead9bd95d08e98b9cb493123a0.js:1)
  ensure (https://edge.fscdn.org/assets/js/inject_0.7.1-de55c0ead9bd95d08e98b9cb493123a0.js:1)
  (anonymous function) (https://edge.fscdn.org/assets/js/inject_0.7.1-de55c0ead9bd95d08e98b9cb493123a0.js:1)
  init (https://edge.fscdn.org/assets/js/fs-2ae9f688c785932c66c919d5e298ddf9.js:1)
  (anonymous function) (https://familysearch.org/search/collection/results?count=20&query=%2Bdeath_place%3A%22King%20county%22~%20%2Bdeath_year%3A2011-2014~&collection_id=1202535:190)

  phantomjs://platform/console++.js:263 in error
[ERROR - 2016-11-23T20:50:23.696Z] Session [73861b10-b1be-11e6-8e35-b3ad7388d328] - page.onError - msg: InvalidStateError: DOM Exception 11: An attempt was made to use an object that is not, or is no longer, usable.

  phantomjs://platform/console++.js:263 in error
[ERROR - 2016-11-23T20:50:23.696Z] Session [73861b10-b1be-11e6-8e35-b3ad7388d328] - page.onError - stack:
  b (https://edge.fscdn.org/assets/js/fs-2ae9f688c785932c66c919d5e298ddf9.js:1)
  (anonymous function) (https://edge.fscdn.org/assets/js/fs-2ae9f688c785932c66c919d5e298ddf9.js:1)
  open (:0)
  open (https://edge.fscdn.org/assets/js/fs-2ae9f688c785932c66c919d5e298ddf9.js:1)
  sendViaXHR (https://edge.fscdn.org/assets/js/inject_0.7.1-de55c0ead9bd95d08e98b9cb493123a0.js:1)
  get (https://edge.fscdn.org/assets/js/inject_0.7.1-de55c0ead9bd95d08e98b9cb493123a0.js:1)
  (anonymous function) (https://edge.fscdn.org/assets/js/inject_0.7.1-de55c0ead9bd95d08e98b9cb493123a0.js:1)
  download (https://edge.fscdn.org/assets/js/inject_0.7.1-de55c0ead9bd95d08e98b9cb493123a0.js:1)
  process (https://edge.fscdn.org/assets/js/inject_0.7.1-de55c0ead9bd95d08e98b9cb493123a0.js:1)
  ensure (https://edge.fscdn.org/assets/js/inject_0.7.1-de55c0ead9bd95d08e98b9cb493123a0.js:1)
  (anonymous function) (https://edge.fscdn.org/assets/js/inject_0.7.1-de55c0ead9bd95d08e98b9cb493123a0.js:1)
  init (https://edge.fscdn.org/assets/js/fs-2ae9f688c785932c66c919d5e298ddf9.js:1)
  (anonymous function) (https://familysearch.org/search/collection/results?count=20&query=%2Bdeath_place%3A%22King%20county%22~%20%2Bdeath_year%3A2011-2014~&collection_id=1202535:190)

  phantomjs://platform/console++.js:263 in error
[ERROR - 2016-11-23T20:50:23.696Z] Session [73861b10-b1be-11e6-8e35-b3ad7388d328] - page.onError - msg: InvalidStateError: DOM Exception 11: An attempt was made to use an object that is not, or is no longer, usable.

  phantomjs://platform/console++.js:263 in error
[ERROR - 2016-11-23T20:50:23.696Z] Session [73861b10-b1be-11e6-8e35-b3ad7388d328] - page.onError - stack:
  b (https://edge.fscdn.org/assets/js/fs-2ae9f688c785932c66c919d5e298ddf9.js:1)
  (anonymous function) (https://edge.fscdn.org/assets/js/fs-2ae9f688c785932c66c919d5e298ddf9.js:1)
  open (:0)
  open (https://edge.fscdn.org/assets/js/fs-2ae9f688c785932c66c919d5e298ddf9.js:1)
  sendViaXHR (https://edge.fscdn.org/assets/js/inject_0.7.1-de55c0ead9bd95d08e98b9cb493123a0.js:1)
  get (https://edge.fscdn.org/assets/js/inject_0.7.1-de55c0ead9bd95d08e98b9cb493123a0.js:1)
  (anonymous function) (https://edge.fscdn.org/assets/js/inject_0.7.1-de55c0ead9bd95d08e98b9cb493123a0.js:1)
  download (https://edge.fscdn.org/assets/js/inject_0.7.1-de55c0ead9bd95d08e98b9cb493123a0.js:1)
  process (https://edge.fscdn.org/assets/js/inject_0.7.1-de55c0ead9bd95d08e98b9cb493123a0.js:1)
  ensure (https://edge.fscdn.org/assets/js/inject_0.7.1-de55c0ead9bd95d08e98b9cb493123a0.js:1)
  (anonymous function) (https://edge.fscdn.org/assets/js/inject_0.7.1-de55c0ead9bd95d08e98b9cb493123a0.js:1)
  init (https://edge.fscdn.org/assets/js/fs-2ae9f688c785932c66c919d5e298ddf9.js:1)
  (anonymous function) (https://familysearch.org/search/collection/results?count=20&query=%2Bdeath_place%3A%22King%20county%22~%20%2Bdeath_year%3A2011-2014~&collection_id=1202535:190)

  phantomjs://platform/console++.js:263 in error
[ERROR - 2016-11-23T20:50:23.697Z] Session [73861b10-b1be-11e6-8e35-b3ad7388d328] - page.onError - msg: InvalidStateError: DOM Exception 11: An attempt was made to use an object that is not, or is no longer, usable.

  phantomjs://platform/console++.js:263 in error
[ERROR - 2016-11-23T20:50:23.697Z] Session [73861b10-b1be-11e6-8e35-b3ad7388d328] - page.onError - stack:
  b (https://edge.fscdn.org/assets/js/fs-2ae9f688c785932c66c919d5e298ddf9.js:1)
  (anonymous function) (https://edge.fscdn.org/assets/js/fs-2ae9f688c785932c66c919d5e298ddf9.js:1)
  open (:0)
  open (https://edge.fscdn.org/assets/js/fs-2ae9f688c785932c66c919d5e298ddf9.js:1)
  sendViaXHR (https://edge.fscdn.org/assets/js/inject_0.7.1-de55c0ead9bd95d08e98b9cb493123a0.js:1)
  get (https://edge.fscdn.org/assets/js/inject_0.7.1-de55c0ead9bd95d08e98b9cb493123a0.js:1)
  (anonymous function) (https://edge.fscdn.org/assets/js/inject_0.7.1-de55c0ead9bd95d08e98b9cb493123a0.js:1)
  download (https://edge.fscdn.org/assets/js/inject_0.7.1-de55c0ead9bd95d08e98b9cb493123a0.js:1)
  process (https://edge.fscdn.org/assets/js/inject_0.7.1-de55c0ead9bd95d08e98b9cb493123a0.js:1)
  ensure (https://edge.fscdn.org/assets/js/inject_0.7.1-de55c0ead9bd95d08e98b9cb493123a0.js:1)
  (anonymous function) (https://edge.fscdn.org/assets/js/inject_0.7.1-de55c0ead9bd95d08e98b9cb493123a0.js:1)
  init (https://edge.fscdn.org/assets/js/fs-2ae9f688c785932c66c919d5e298ddf9.js:1)
  (anonymous function) (https://familysearch.org/search/collection/results?count=20&query=%2Bdeath_place%3A%22King%20county%22~%20%2Bdeath_year%3A2011-2014~&collection_id=1202535:190)

  phantomjs://platform/console++.js:263 in error
[ERROR - 2016-11-23T20:50:23.880Z] Session [73861b10-b1be-11e6-8e35-b3ad7388d328] - page.onError - msg: InvalidStateError: DOM Exception 11: An attempt was made to use an object that is not, or is no longer, usable.

  phantomjs://platform/console++.js:263 in error
[ERROR - 2016-11-23T20:50:23.880Z] Session [73861b10-b1be-11e6-8e35-b3ad7388d328] - page.onError - stack:
  b (https://edge.fscdn.org/assets/js/fs-2ae9f688c785932c66c919d5e298ddf9.js:1)
  (anonymous function) (https://edge.fscdn.org/assets/js/fs-2ae9f688c785932c66c919d5e298ddf9.js:1)
  open (:0)
  open (https://edge.fscdn.org/assets/js/fs-2ae9f688c785932c66c919d5e298ddf9.js:1)
  sendViaXHR (https://edge.fscdn.org/assets/js/inject_0.7.1-de55c0ead9bd95d08e98b9cb493123a0.js:1)
  get (https://edge.fscdn.org/assets/js/inject_0.7.1-de55c0ead9bd95d08e98b9cb493123a0.js:1)
  (anonymous function) (https://edge.fscdn.org/assets/js/inject_0.7.1-de55c0ead9bd95d08e98b9cb493123a0.js:1)
  download (https://edge.fscdn.org/assets/js/inject_0.7.1-de55c0ead9bd95d08e98b9cb493123a0.js:1)
  (anonymous function) (https://edge.fscdn.org/assets/js/inject_0.7.1-de55c0ead9bd95d08e98b9cb493123a0.js:1)
  g (https://edge.fscdn.org/assets/js/inject_0.7.1-de55c0ead9bd95d08e98b9cb493123a0.js:1)
  f (https://edge.fscdn.org/assets/js/inject_0.7.1-de55c0ead9bd95d08e98b9cb493123a0.js:1)

  phantomjs://platform/console++.js:263 in error
[ERROR - 2016-11-23T20:50:23.881Z] Session [73861b10-b1be-11e6-8e35-b3ad7388d328] - page.onError - msg: InvalidStateError: DOM Exception 11: An attempt was made to use an object that is not, or is no longer, usable.

  phantomjs://platform/console++.js:263 in error
[ERROR - 2016-11-23T20:50:23.881Z] Session [73861b10-b1be-11e6-8e35-b3ad7388d328] - page.onError - stack:
  b (https://edge.fscdn.org/assets/js/fs-2ae9f688c785932c66c919d5e298ddf9.js:1)
  (anonymous function) (https://edge.fscdn.org/assets/js/fs-2ae9f688c785932c66c919d5e298ddf9.js:1)
  open (:0)
  open (https://edge.fscdn.org/assets/js/fs-2ae9f688c785932c66c919d5e298ddf9.js:1)
  sendViaXHR (https://edge.fscdn.org/assets/js/inject_0.7.1-de55c0ead9bd95d08e98b9cb493123a0.js:1)
  get (https://edge.fscdn.org/assets/js/inject_0.7.1-de55c0ead9bd95d08e98b9cb493123a0.js:1)
  (anonymous function) (https://edge.fscdn.org/assets/js/inject_0.7.1-de55c0ead9bd95d08e98b9cb493123a0.js:1)
  download (https://edge.fscdn.org/assets/js/inject_0.7.1-de55c0ead9bd95d08e98b9cb493123a0.js:1)
  (anonymous function) (https://edge.fscdn.org/assets/js/inject_0.7.1-de55c0ead9bd95d08e98b9cb493123a0.js:1)
  g (https://edge.fscdn.org/assets/js/inject_0.7.1-de55c0ead9bd95d08e98b9cb493123a0.js:1)
  f (https://edge.fscdn.org/assets/js/inject_0.7.1-de55c0ead9bd95d08e98b9cb493123a0.js:1)

  phantomjs://platform/console++.js:263 in error
[ERROR - 2016-11-23T20:50:23.881Z] Session [73861b10-b1be-11e6-8e35-b3ad7388d328] - page.onError - msg: InvalidStateError: DOM Exception 11: An attempt was made to use an object that is not, or is no longer, usable.

  phantomjs://platform/console++.js:263 in error
[ERROR - 2016-11-23T20:50:23.882Z] Session [73861b10-b1be-11e6-8e35-b3ad7388d328] - page.onError - stack:
  b (https://edge.fscdn.org/assets/js/fs-2ae9f688c785932c66c919d5e298ddf9.js:1)
  (anonymous function) (https://edge.fscdn.org/assets/js/fs-2ae9f688c785932c66c919d5e298ddf9.js:1)
  open (:0)
  open (https://edge.fscdn.org/assets/js/fs-2ae9f688c785932c66c919d5e298ddf9.js:1)
  sendViaXHR (https://edge.fscdn.org/assets/js/inject_0.7.1-de55c0ead9bd95d08e98b9cb493123a0.js:1)
  get (https://edge.fscdn.org/assets/js/inject_0.7.1-de55c0ead9bd95d08e98b9cb493123a0.js:1)
  (anonymous function) (https://edge.fscdn.org/assets/js/inject_0.7.1-de55c0ead9bd95d08e98b9cb493123a0.js:1)
  download (https://edge.fscdn.org/assets/js/inject_0.7.1-de55c0ead9bd95d08e98b9cb493123a0.js:1)
  (anonymous function) (https://edge.fscdn.org/assets/js/inject_0.7.1-de55c0ead9bd95d08e98b9cb493123a0.js:1)
  g (https://edge.fscdn.org/assets/js/inject_0.7.1-de55c0ead9bd95d08e98b9cb493123a0.js:1)
  f (https://edge.fscdn.org/assets/js/inject_0.7.1-de55c0ead9bd95d08e98b9cb493123a0.js:1)

  phantomjs://platform/console++.js:263 in error
[ERROR - 2016-11-23T20:50:23.882Z] Session [73861b10-b1be-11e6-8e35-b3ad7388d328] - page.onError - msg: InvalidStateError: DOM Exception 11: An attempt was made to use an object that is not, or is no longer, usable.

  phantomjs://platform/console++.js:263 in error
[ERROR - 2016-11-23T20:50:23.882Z] Session [73861b10-b1be-11e6-8e35-b3ad7388d328] - page.onError - stack:
  b (https://edge.fscdn.org/assets/js/fs-2ae9f688c785932c66c919d5e298ddf9.js:1)
  (anonymous function) (https://edge.fscdn.org/assets/js/fs-2ae9f688c785932c66c919d5e298ddf9.js:1)
  open (:0)
  open (https://edge.fscdn.org/assets/js/fs-2ae9f688c785932c66c919d5e298ddf9.js:1)
  sendViaXHR (https://edge.fscdn.org/assets/js/inject_0.7.1-de55c0ead9bd95d08e98b9cb493123a0.js:1)
  get (https://edge.fscdn.org/assets/js/inject_0.7.1-de55c0ead9bd95d08e98b9cb493123a0.js:1)
  (anonymous function) (https://edge.fscdn.org/assets/js/inject_0.7.1-de55c0ead9bd95d08e98b9cb493123a0.js:1)
  download (https://edge.fscdn.org/assets/js/inject_0.7.1-de55c0ead9bd95d08e98b9cb493123a0.js:1)
  (anonymous function) (https://edge.fscdn.org/assets/js/inject_0.7.1-de55c0ead9bd95d08e98b9cb493123a0.js:1)
  g (https://edge.fscdn.org/assets/js/inject_0.7.1-de55c0ead9bd95d08e98b9cb493123a0.js:1)
  f (https://edge.fscdn.org/assets/js/inject_0.7.1-de55c0ead9bd95d08e98b9cb493123a0.js:1)

  phantomjs://platform/console++.js:263 in error
[ERROR - 2016-11-23T20:50:23.882Z] Session [73861b10-b1be-11e6-8e35-b3ad7388d328] - page.onError - msg: InvalidStateError: DOM Exception 11: An attempt was made to use an object that is not, or is no longer, usable.

  phantomjs://platform/console++.js:263 in error
[ERROR - 2016-11-23T20:50:23.883Z] Session [73861b10-b1be-11e6-8e35-b3ad7388d328] - page.onError - stack:
  b (https://edge.fscdn.org/assets/js/fs-2ae9f688c785932c66c919d5e298ddf9.js:1)
  (anonymous function) (https://edge.fscdn.org/assets/js/fs-2ae9f688c785932c66c919d5e298ddf9.js:1)
  open (:0)
  open (https://edge.fscdn.org/assets/js/fs-2ae9f688c785932c66c919d5e298ddf9.js:1)
  sendViaXHR (https://edge.fscdn.org/assets/js/inject_0.7.1-de55c0ead9bd95d08e98b9cb493123a0.js:1)
  get (https://edge.fscdn.org/assets/js/inject_0.7.1-de55c0ead9bd95d08e98b9cb493123a0.js:1)
  (anonymous function) (https://edge.fscdn.org/assets/js/inject_0.7.1-de55c0ead9bd95d08e98b9cb493123a0.js:1)
  download (https://edge.fscdn.org/assets/js/inject_0.7.1-de55c0ead9bd95d08e98b9cb493123a0.js:1)
  (anonymous function) (https://edge.fscdn.org/assets/js/inject_0.7.1-de55c0ead9bd95d08e98b9cb493123a0.js:1)
  g (https://edge.fscdn.org/assets/js/inject_0.7.1-de55c0ead9bd95d08e98b9cb493123a0.js:1)
  f (https://edge.fscdn.org/assets/js/inject_0.7.1-de55c0ead9bd95d08e98b9cb493123a0.js:1)

  phantomjs://platform/console++.js:263 in error
[ERROR - 2016-11-23T20:50:23.909Z] Session [73861b10-b1be-11e6-8e35-b3ad7388d328] - page.onError - msg: InvalidStateError: DOM Exception 11: An attempt was made to use an object that is not, or is no longer, usable.

  phantomjs://platform/console++.js:263 in error
[ERROR - 2016-11-23T20:50:23.909Z] Session [73861b10-b1be-11e6-8e35-b3ad7388d328] - page.onError - stack:
  b (https://edge.fscdn.org/assets/js/fs-2ae9f688c785932c66c919d5e298ddf9.js:1)
  (anonymous function) (https://edge.fscdn.org/assets/js/fs-2ae9f688c785932c66c919d5e298ddf9.js:1)
  open (:0)
  open (https://edge.fscdn.org/assets/js/fs-2ae9f688c785932c66c919d5e298ddf9.js:1)
  sendViaXHR (https://edge.fscdn.org/assets/js/inject_0.7.1-de55c0ead9bd95d08e98b9cb493123a0.js:1)
  get (https://edge.fscdn.org/assets/js/inject_0.7.1-de55c0ead9bd95d08e98b9cb493123a0.js:1)
  (anonymous function) (https://edge.fscdn.org/assets/js/inject_0.7.1-de55c0ead9bd95d08e98b9cb493123a0.js:1)
  download (https://edge.fscdn.org/assets/js/inject_0.7.1-de55c0ead9bd95d08e98b9cb493123a0.js:1)
  (anonymous function) (https://edge.fscdn.org/assets/js/inject_0.7.1-de55c0ead9bd95d08e98b9cb493123a0.js:1)
  g (https://edge.fscdn.org/assets/js/inject_0.7.1-de55c0ead9bd95d08e98b9cb493123a0.js:1)
  f (https://edge.fscdn.org/assets/js/inject_0.7.1-de55c0ead9bd95d08e98b9cb493123a0.js:1)

  phantomjs://platform/console++.js:263 in error
[ERROR - 2016-11-23T20:50:23.910Z] Session [73861b10-b1be-11e6-8e35-b3ad7388d328] - page.onError - msg: InvalidStateError: DOM Exception 11: An attempt was made to use an object that is not, or is no longer, usable.

  phantomjs://platform/console++.js:263 in error
[ERROR - 2016-11-23T20:50:23.910Z] Session [73861b10-b1be-11e6-8e35-b3ad7388d328] - page.onError - stack:
  b (https://edge.fscdn.org/assets/js/fs-2ae9f688c785932c66c919d5e298ddf9.js:1)
  (anonymous function) (https://edge.fscdn.org/assets/js/fs-2ae9f688c785932c66c919d5e298ddf9.js:1)
  open (:0)
  open (https://edge.fscdn.org/assets/js/fs-2ae9f688c785932c66c919d5e298ddf9.js:1)
  sendViaXHR (https://edge.fscdn.org/assets/js/inject_0.7.1-de55c0ead9bd95d08e98b9cb493123a0.js:1)
  get (https://edge.fscdn.org/assets/js/inject_0.7.1-de55c0ead9bd95d08e98b9cb493123a0.js:1)
  (anonymous function) (https://edge.fscdn.org/assets/js/inject_0.7.1-de55c0ead9bd95d08e98b9cb493123a0.js:1)
  download (https://edge.fscdn.org/assets/js/inject_0.7.1-de55c0ead9bd95d08e98b9cb493123a0.js:1)
  (anonymous function) (https://edge.fscdn.org/assets/js/inject_0.7.1-de55c0ead9bd95d08e98b9cb493123a0.js:1)
  g (https://edge.fscdn.org/assets/js/inject_0.7.1-de55c0ead9bd95d08e98b9cb493123a0.js:1)
  f (https://edge.fscdn.org/assets/js/inject_0.7.1-de55c0ead9bd95d08e98b9cb493123a0.js:1)

  phantomjs://platform/console++.js:263 in error
[ERROR - 2016-11-23T20:50:23.910Z] Session [73861b10-b1be-11e6-8e35-b3ad7388d328] - page.onError - msg: InvalidStateError: DOM Exception 11: An attempt was made to use an object that is not, or is no longer, usable.

  phantomjs://platform/console++.js:263 in error
[ERROR - 2016-11-23T20:50:23.910Z] Session [73861b10-b1be-11e6-8e35-b3ad7388d328] - page.onError - stack:
  b (https://edge.fscdn.org/assets/js/fs-2ae9f688c785932c66c919d5e298ddf9.js:1)
  (anonymous function) (https://edge.fscdn.org/assets/js/fs-2ae9f688c785932c66c919d5e298ddf9.js:1)
  open (:0)
  open (https://edge.fscdn.org/assets/js/fs-2ae9f688c785932c66c919d5e298ddf9.js:1)
  sendViaXHR (https://edge.fscdn.org/assets/js/inject_0.7.1-de55c0ead9bd95d08e98b9cb493123a0.js:1)
  get (https://edge.fscdn.org/assets/js/inject_0.7.1-de55c0ead9bd95d08e98b9cb493123a0.js:1)
  (anonymous function) (https://edge.fscdn.org/assets/js/inject_0.7.1-de55c0ead9bd95d08e98b9cb493123a0.js:1)
  download (https://edge.fscdn.org/assets/js/inject_0.7.1-de55c0ead9bd95d08e98b9cb493123a0.js:1)
  (anonymous function) (https://edge.fscdn.org/assets/js/inject_0.7.1-de55c0ead9bd95d08e98b9cb493123a0.js:1)
  g (https://edge.fscdn.org/assets/js/inject_0.7.1-de55c0ead9bd95d08e98b9cb493123a0.js:1)
  f (https://edge.fscdn.org/assets/js/inject_0.7.1-de55c0ead9bd95d08e98b9cb493123a0.js:1)

  phantomjs://platform/console++.js:263 in error
[ERROR - 2016-11-23T20:50:23.911Z] Session [73861b10-b1be-11e6-8e35-b3ad7388d328] - page.onError - msg: InvalidStateError: DOM Exception 11: An attempt was made to use an object that is not, or is no longer, usable.

  phantomjs://platform/console++.js:263 in error
[ERROR - 2016-11-23T20:50:23.911Z] Session [73861b10-b1be-11e6-8e35-b3ad7388d328] - page.onError - stack:
  b (https://edge.fscdn.org/assets/js/fs-2ae9f688c785932c66c919d5e298ddf9.js:1)
  (anonymous function) (https://edge.fscdn.org/assets/js/fs-2ae9f688c785932c66c919d5e298ddf9.js:1)
  open (:0)
  open (https://edge.fscdn.org/assets/js/fs-2ae9f688c785932c66c919d5e298ddf9.js:1)
  sendViaXHR (https://edge.fscdn.org/assets/js/inject_0.7.1-de55c0ead9bd95d08e98b9cb493123a0.js:1)
  get (https://edge.fscdn.org/assets/js/inject_0.7.1-de55c0ead9bd95d08e98b9cb493123a0.js:1)
  (anonymous function) (https://edge.fscdn.org/assets/js/inject_0.7.1-de55c0ead9bd95d08e98b9cb493123a0.js:1)
  download (https://edge.fscdn.org/assets/js/inject_0.7.1-de55c0ead9bd95d08e98b9cb493123a0.js:1)
  (anonymous function) (https://edge.fscdn.org/assets/js/inject_0.7.1-de55c0ead9bd95d08e98b9cb493123a0.js:1)
  g (https://edge.fscdn.org/assets/js/inject_0.7.1-de55c0ead9bd95d08e98b9cb493123a0.js:1)
  f (https://edge.fscdn.org/assets/js/inject_0.7.1-de55c0ead9bd95d08e98b9cb493123a0.js:1)

  phantomjs://platform/console++.js:263 in error
[ERROR - 2016-11-23T20:50:23.935Z] Session [73861b10-b1be-11e6-8e35-b3ad7388d328] - page.onError - msg: InvalidStateError: DOM Exception 11: An attempt was made to use an object that is not, or is no longer, usable.

  phantomjs://platform/console++.js:263 in error
[ERROR - 2016-11-23T20:50:23.935Z] Session [73861b10-b1be-11e6-8e35-b3ad7388d328] - page.onError - stack:
  b (https://edge.fscdn.org/assets/js/fs-2ae9f688c785932c66c919d5e298ddf9.js:1)
  (anonymous function) (https://edge.fscdn.org/assets/js/fs-2ae9f688c785932c66c919d5e298ddf9.js:1)
  open (:0)
  open (https://edge.fscdn.org/assets/js/fs-2ae9f688c785932c66c919d5e298ddf9.js:1)
  sendViaXHR (https://edge.fscdn.org/assets/js/inject_0.7.1-de55c0ead9bd95d08e98b9cb493123a0.js:1)
  get (https://edge.fscdn.org/assets/js/inject_0.7.1-de55c0ead9bd95d08e98b9cb493123a0.js:1)
  (anonymous function) (https://edge.fscdn.org/assets/js/inject_0.7.1-de55c0ead9bd95d08e98b9cb493123a0.js:1)
  download (https://edge.fscdn.org/assets/js/inject_0.7.1-de55c0ead9bd95d08e98b9cb493123a0.js:1)
  (anonymous function) (https://edge.fscdn.org/assets/js/inject_0.7.1-de55c0ead9bd95d08e98b9cb493123a0.js:1)
  g (https://edge.fscdn.org/assets/js/inject_0.7.1-de55c0ead9bd95d08e98b9cb493123a0.js:1)
  f (https://edge.fscdn.org/assets/js/inject_0.7.1-de55c0ead9bd95d08e98b9cb493123a0.js:1)

  phantomjs://platform/console++.js:263 in error
[ERROR - 2016-11-23T20:50:23.935Z] Session [73861b10-b1be-11e6-8e35-b3ad7388d328] - page.onError - msg: InvalidStateError: DOM Exception 11: An attempt was made to use an object that is not, or is no longer, usable.

  phantomjs://platform/console++.js:263 in error
[ERROR - 2016-11-23T20:50:23.935Z] Session [73861b10-b1be-11e6-8e35-b3ad7388d328] - page.onError - stack:
  b (https://edge.fscdn.org/assets/js/fs-2ae9f688c785932c66c919d5e298ddf9.js:1)
  (anonymous function) (https://edge.fscdn.org/assets/js/fs-2ae9f688c785932c66c919d5e298ddf9.js:1)
  open (:0)
  open (https://edge.fscdn.org/assets/js/fs-2ae9f688c785932c66c919d5e298ddf9.js:1)
  sendViaXHR (https://edge.fscdn.org/assets/js/inject_0.7.1-de55c0ead9bd95d08e98b9cb493123a0.js:1)
  get (https://edge.fscdn.org/assets/js/inject_0.7.1-de55c0ead9bd95d08e98b9cb493123a0.js:1)
  (anonymous function) (https://edge.fscdn.org/assets/js/inject_0.7.1-de55c0ead9bd95d08e98b9cb493123a0.js:1)
  download (https://edge.fscdn.org/assets/js/inject_0.7.1-de55c0ead9bd95d08e98b9cb493123a0.js:1)
  (anonymous function) (https://edge.fscdn.org/assets/js/inject_0.7.1-de55c0ead9bd95d08e98b9cb493123a0.js:1)
  g (https://edge.fscdn.org/assets/js/inject_0.7.1-de55c0ead9bd95d08e98b9cb493123a0.js:1)
  f (https://edge.fscdn.org/assets/js/inject_0.7.1-de55c0ead9bd95d08e98b9cb493123a0.js:1)

  phantomjs://platform/console++.js:263 in error
[ERROR - 2016-11-23T20:50:23.935Z] Session [73861b10-b1be-11e6-8e35-b3ad7388d328] - page.onError - msg: InvalidStateError: DOM Exception 11: An attempt was made to use an object that is not, or is no longer, usable.

  phantomjs://platform/console++.js:263 in error
[ERROR - 2016-11-23T20:50:23.935Z] Session [73861b10-b1be-11e6-8e35-b3ad7388d328] - page.onError - stack:
  b (https://edge.fscdn.org/assets/js/fs-2ae9f688c785932c66c919d5e298ddf9.js:1)
  (anonymous function) (https://edge.fscdn.org/assets/js/fs-2ae9f688c785932c66c919d5e298ddf9.js:1)
  open (:0)
  open (https://edge.fscdn.org/assets/js/fs-2ae9f688c785932c66c919d5e298ddf9.js:1)
  sendViaXHR (https://edge.fscdn.org/assets/js/inject_0.7.1-de55c0ead9bd95d08e98b9cb493123a0.js:1)
  get (https://edge.fscdn.org/assets/js/inject_0.7.1-de55c0ead9bd95d08e98b9cb493123a0.js:1)
  (anonymous function) (https://edge.fscdn.org/assets/js/inject_0.7.1-de55c0ead9bd95d08e98b9cb493123a0.js:1)
  download (https://edge.fscdn.org/assets/js/inject_0.7.1-de55c0ead9bd95d08e98b9cb493123a0.js:1)
  (anonymous function) (https://edge.fscdn.org/assets/js/inject_0.7.1-de55c0ead9bd95d08e98b9cb493123a0.js:1)
  g (https://edge.fscdn.org/assets/js/inject_0.7.1-de55c0ead9bd95d08e98b9cb493123a0.js:1)
  f (https://edge.fscdn.org/assets/js/inject_0.7.1-de55c0ead9bd95d08e98b9cb493123a0.js:1)

  phantomjs://platform/console++.js:263 in error
[ERROR - 2016-11-23T20:50:23.936Z] Session [73861b10-b1be-11e6-8e35-b3ad7388d328] - page.onError - msg: InvalidStateError: DOM Exception 11: An attempt was made to use an object that is not, or is no longer, usable.

  phantomjs://platform/console++.js:263 in error
[ERROR - 2016-11-23T20:50:23.936Z] Session [73861b10-b1be-11e6-8e35-b3ad7388d328] - page.onError - stack:
  b (https://edge.fscdn.org/assets/js/fs-2ae9f688c785932c66c919d5e298ddf9.js:1)
  (anonymous function) (https://edge.fscdn.org/assets/js/fs-2ae9f688c785932c66c919d5e298ddf9.js:1)
  open (:0)
  open (https://edge.fscdn.org/assets/js/fs-2ae9f688c785932c66c919d5e298ddf9.js:1)
  sendViaXHR (https://edge.fscdn.org/assets/js/inject_0.7.1-de55c0ead9bd95d08e98b9cb493123a0.js:1)
  get (https://edge.fscdn.org/assets/js/inject_0.7.1-de55c0ead9bd95d08e98b9cb493123a0.js:1)
  (anonymous function) (https://edge.fscdn.org/assets/js/inject_0.7.1-de55c0ead9bd95d08e98b9cb493123a0.js:1)
  download (https://edge.fscdn.org/assets/js/inject_0.7.1-de55c0ead9bd95d08e98b9cb493123a0.js:1)
  (anonymous function) (https://edge.fscdn.org/assets/js/inject_0.7.1-de55c0ead9bd95d08e98b9cb493123a0.js:1)
  g (https://edge.fscdn.org/assets/js/inject_0.7.1-de55c0ead9bd95d08e98b9cb493123a0.js:1)
  f (https://edge.fscdn.org/assets/js/inject_0.7.1-de55c0ead9bd95d08e98b9cb493123a0.js:1)

  phantomjs://platform/console++.js:263 in error
[ERROR - 2016-11-23T20:50:23.937Z] Session [73861b10-b1be-11e6-8e35-b3ad7388d328] - page.onError - msg: InvalidStateError: DOM Exception 11: An attempt was made to use an object that is not, or is no longer, usable.

  phantomjs://platform/console++.js:263 in error
[ERROR - 2016-11-23T20:50:23.938Z] Session [73861b10-b1be-11e6-8e35-b3ad7388d328] - page.onError - stack:
  b (https://edge.fscdn.org/assets/js/fs-2ae9f688c785932c66c919d5e298ddf9.js:1)
  (anonymous function) (https://edge.fscdn.org/assets/js/fs-2ae9f688c785932c66c919d5e298ddf9.js:1)
  open (:0)
  open (https://edge.fscdn.org/assets/js/fs-2ae9f688c785932c66c919d5e298ddf9.js:1)
  sendViaXHR (https://edge.fscdn.org/assets/js/inject_0.7.1-de55c0ead9bd95d08e98b9cb493123a0.js:1)
  get (https://edge.fscdn.org/assets/js/inject_0.7.1-de55c0ead9bd95d08e98b9cb493123a0.js:1)
  (anonymous function) (https://edge.fscdn.org/assets/js/inject_0.7.1-de55c0ead9bd95d08e98b9cb493123a0.js:1)
  download (https://edge.fscdn.org/assets/js/inject_0.7.1-de55c0ead9bd95d08e98b9cb493123a0.js:1)
  (anonymous function) (https://edge.fscdn.org/assets/js/inject_0.7.1-de55c0ead9bd95d08e98b9cb493123a0.js:1)
  g (https://edge.fscdn.org/assets/js/inject_0.7.1-de55c0ead9bd95d08e98b9cb493123a0.js:1)
  f (https://edge.fscdn.org/assets/js/inject_0.7.1-de55c0ead9bd95d08e98b9cb493123a0.js:1)

  phantomjs://platform/console++.js:263 in error
[ERROR - 2016-11-23T20:50:23.938Z] Session [73861b10-b1be-11e6-8e35-b3ad7388d328] - page.onError - msg: InvalidStateError: DOM Exception 11: An attempt was made to use an object that is not, or is no longer, usable.

  phantomjs://platform/console++.js:263 in error
[ERROR - 2016-11-23T20:50:23.938Z] Session [73861b10-b1be-11e6-8e35-b3ad7388d328] - page.onError - stack:
  b (https://edge.fscdn.org/assets/js/fs-2ae9f688c785932c66c919d5e298ddf9.js:1)
  (anonymous function) (https://edge.fscdn.org/assets/js/fs-2ae9f688c785932c66c919d5e298ddf9.js:1)
  open (:0)
  open (https://edge.fscdn.org/assets/js/fs-2ae9f688c785932c66c919d5e298ddf9.js:1)
  sendViaXHR (https://edge.fscdn.org/assets/js/inject_0.7.1-de55c0ead9bd95d08e98b9cb493123a0.js:1)
  get (https://edge.fscdn.org/assets/js/inject_0.7.1-de55c0ead9bd95d08e98b9cb493123a0.js:1)
  (anonymous function) (https://edge.fscdn.org/assets/js/inject_0.7.1-de55c0ead9bd95d08e98b9cb493123a0.js:1)
  download (https://edge.fscdn.org/assets/js/inject_0.7.1-de55c0ead9bd95d08e98b9cb493123a0.js:1)
  (anonymous function) (https://edge.fscdn.org/assets/js/inject_0.7.1-de55c0ead9bd95d08e98b9cb493123a0.js:1)
  g (https://edge.fscdn.org/assets/js/inject_0.7.1-de55c0ead9bd95d08e98b9cb493123a0.js:1)
  f (https://edge.fscdn.org/assets/js/inject_0.7.1-de55c0ead9bd95d08e98b9cb493123a0.js:1)

  phantomjs://platform/console++.js:263 in error
[ERROR - 2016-11-23T20:50:24.006Z] Session [73861b10-b1be-11e6-8e35-b3ad7388d328] - page.onError - msg: InvalidStateError: DOM Exception 11: An attempt was made to use an object that is not, or is no longer, usable.

  phantomjs://platform/console++.js:263 in error
[ERROR - 2016-11-23T20:50:24.006Z] Session [73861b10-b1be-11e6-8e35-b3ad7388d328] - page.onError - stack:
  b (https://edge.fscdn.org/assets/js/fs-2ae9f688c785932c66c919d5e298ddf9.js:1)
  (anonymous function) (https://edge.fscdn.org/assets/js/fs-2ae9f688c785932c66c919d5e298ddf9.js:1)
  open (:0)
  open (https://edge.fscdn.org/assets/js/fs-2ae9f688c785932c66c919d5e298ddf9.js:1)
  send (https://edge.fscdn.org/assets/js/1.8.2/jquery-1.8.2.min-cfa9051cc0b05eb519f1e16b2a6645d7.js:1)
  ajax (https://edge.fscdn.org/assets/js/1.8.2/jquery-1.8.2.min-cfa9051cc0b05eb519f1e16b2a6645d7.js:1)
  M (:12)
  K (:12)
  A (:12)
  o (:12)
  exports (:12)
  (anonymous function) (https://edge.fscdn.org/assets/js/fs-2ae9f688c785932c66c919d5e298ddf9.js:1)
  (anonymous function) (https://edge.fscdn.org/assets/js/inject_0.7.1-de55c0ead9bd95d08e98b9cb493123a0.js:1)
  (anonymous function) (https://edge.fscdn.org/assets/js/inject_0.7.1-de55c0ead9bd95d08e98b9cb493123a0.js:1)
  execute (https://edge.fscdn.org/assets/js/inject_0.7.1-de55c0ead9bd95d08e98b9cb493123a0.js:1)
  l (https://edge.fscdn.org/assets/js/inject_0.7.1-de55c0ead9bd95d08e98b9cb493123a0.js:1)
  (anonymous function) (https://edge.fscdn.org/assets/js/inject_0.7.1-de55c0ead9bd95d08e98b9cb493123a0.js:1)
  j (https://edge.fscdn.org/assets/js/inject_0.7.1-de55c0ead9bd95d08e98b9cb493123a0.js:1)
  (anonymous function) (https://edge.fscdn.org/assets/js/inject_0.7.1-de55c0ead9bd95d08e98b9cb493123a0.js:1)
  j (https://edge.fscdn.org/assets/js/inject_0.7.1-de55c0ead9bd95d08e98b9cb493123a0.js:1)
  (anonymous function) (https://edge.fscdn.org/assets/js/inject_0.7.1-de55c0ead9bd95d08e98b9cb493123a0.js:1)
  j (https://edge.fscdn.org/assets/js/inject_0.7.1-de55c0ead9bd95d08e98b9cb493123a0.js:1)
  (anonymous function) (https://edge.fscdn.org/assets/js/inject_0.7.1-de55c0ead9bd95d08e98b9cb493123a0.js:1)
  downloadDependencies (https://edge.fscdn.org/assets/js/inject_0.7.1-de55c0ead9bd95d08e98b9cb493123a0.js:1)
  (anonymous function) (https://edge.fscdn.org/assets/js/inject_0.7.1-de55c0ead9bd95d08e98b9cb493123a0.js:1)
  (anonymous function) (https://edge.fscdn.org/assets/js/inject_0.7.1-de55c0ead9bd95d08e98b9cb493123a0.js:1)
  _next (https://edge.fscdn.org/assets/js/inject_0.7.1-de55c0ead9bd95d08e98b9cb493123a0.js:1)
  (anonymous function) (https://edge.fscdn.org/assets/js/inject_0.7.1-de55c0ead9bd95d08e98b9cb493123a0.js:1)
  (anonymous function) (https://edge.fscdn.org/assets/js/inject_0.7.1-de55c0ead9bd95d08e98b9cb493123a0.js:1)
  (anonymous function) (https://edge.fscdn.org/assets/js/inject_0.7.1-de55c0ead9bd95d08e98b9cb493123a0.js:1)
  _next (https://edge.fscdn.org/assets/js/inject_0.7.1-de55c0ead9bd95d08e98b9cb493123a0.js:1)
  (anonymous function) (https://edge.fscdn.org/assets/js/inject_0.7.1-de55c0ead9bd95d08e98b9cb493123a0.js:1)

  phantomjs://platform/console++.js:263 in error
[ERROR - 2016-11-23T20:50:24.007Z] Session [73861b10-b1be-11e6-8e35-b3ad7388d328] - page.onError - msg: InvalidStateError: DOM Exception 11: An attempt was made to use an object that is not, or is no longer, usable.

  phantomjs://platform/console++.js:263 in error
[ERROR - 2016-11-23T20:50:24.007Z] Session [73861b10-b1be-11e6-8e35-b3ad7388d328] - page.onError - stack:
  b (https://edge.fscdn.org/assets/js/fs-2ae9f688c785932c66c919d5e298ddf9.js:1)
  (anonymous function) (https://edge.fscdn.org/assets/js/fs-2ae9f688c785932c66c919d5e298ddf9.js:1)
  open (:0)
  open (https://edge.fscdn.org/assets/js/fs-2ae9f688c785932c66c919d5e298ddf9.js:1)
  send (https://edge.fscdn.org/assets/js/1.8.2/jquery-1.8.2.min-cfa9051cc0b05eb519f1e16b2a6645d7.js:1)
  ajax (https://edge.fscdn.org/assets/js/1.8.2/jquery-1.8.2.min-cfa9051cc0b05eb519f1e16b2a6645d7.js:1)
  N (:12)
  K (:12)
  A (:12)
  o (:12)
  exports (:12)
  (anonymous function) (https://edge.fscdn.org/assets/js/fs-2ae9f688c785932c66c919d5e298ddf9.js:1)
  (anonymous function) (https://edge.fscdn.org/assets/js/inject_0.7.1-de55c0ead9bd95d08e98b9cb493123a0.js:1)
  (anonymous function) (https://edge.fscdn.org/assets/js/inject_0.7.1-de55c0ead9bd95d08e98b9cb493123a0.js:1)
  execute (https://edge.fscdn.org/assets/js/inject_0.7.1-de55c0ead9bd95d08e98b9cb493123a0.js:1)
  l (https://edge.fscdn.org/assets/js/inject_0.7.1-de55c0ead9bd95d08e98b9cb493123a0.js:1)
  (anonymous function) (https://edge.fscdn.org/assets/js/inject_0.7.1-de55c0ead9bd95d08e98b9cb493123a0.js:1)
  j (https://edge.fscdn.org/assets/js/inject_0.7.1-de55c0ead9bd95d08e98b9cb493123a0.js:1)
  (anonymous function) (https://edge.fscdn.org/assets/js/inject_0.7.1-de55c0ead9bd95d08e98b9cb493123a0.js:1)
  j (https://edge.fscdn.org/assets/js/inject_0.7.1-de55c0ead9bd95d08e98b9cb493123a0.js:1)
  (anonymous function) (https://edge.fscdn.org/assets/js/inject_0.7.1-de55c0ead9bd95d08e98b9cb493123a0.js:1)
  j (https://edge.fscdn.org/assets/js/inject_0.7.1-de55c0ead9bd95d08e98b9cb493123a0.js:1)
  (anonymous function) (https://edge.fscdn.org/assets/js/inject_0.7.1-de55c0ead9bd95d08e98b9cb493123a0.js:1)
  downloadDependencies (https://edge.fscdn.org/assets/js/inject_0.7.1-de55c0ead9bd95d08e98b9cb493123a0.js:1)
  (anonymous function) (https://edge.fscdn.org/assets/js/inject_0.7.1-de55c0ead9bd95d08e98b9cb493123a0.js:1)
  (anonymous function) (https://edge.fscdn.org/assets/js/inject_0.7.1-de55c0ead9bd95d08e98b9cb493123a0.js:1)
  _next (https://edge.fscdn.org/assets/js/inject_0.7.1-de55c0ead9bd95d08e98b9cb493123a0.js:1)
  (anonymous function) (https://edge.fscdn.org/assets/js/inject_0.7.1-de55c0ead9bd95d08e98b9cb493123a0.js:1)
  (anonymous function) (https://edge.fscdn.org/assets/js/inject_0.7.1-de55c0ead9bd95d08e98b9cb493123a0.js:1)
  (anonymous function) (https://edge.fscdn.org/assets/js/inject_0.7.1-de55c0ead9bd95d08e98b9cb493123a0.js:1)
  _next (https://edge.fscdn.org/assets/js/inject_0.7.1-de55c0ead9bd95d08e98b9cb493123a0.js:1)
  (anonymous function) (https://edge.fscdn.org/assets/js/inject_0.7.1-de55c0ead9bd95d08e98b9cb493123a0.js:1)

  phantomjs://platform/console++.js:263 in error
[ERROR - 2016-11-23T20:50:24.008Z] Session [73861b10-b1be-11e6-8e35-b3ad7388d328] - page.onError - msg: InvalidStateError: DOM Exception 11: An attempt was made to use an object that is not, or is no longer, usable.

  phantomjs://platform/console++.js:263 in error
[ERROR - 2016-11-23T20:50:24.008Z] Session [73861b10-b1be-11e6-8e35-b3ad7388d328] - page.onError - stack:
  b (https://edge.fscdn.org/assets/js/fs-2ae9f688c785932c66c919d5e298ddf9.js:1)
  (anonymous function) (https://edge.fscdn.org/assets/js/fs-2ae9f688c785932c66c919d5e298ddf9.js:1)
  open (:0)
  open (https://edge.fscdn.org/assets/js/fs-2ae9f688c785932c66c919d5e298ddf9.js:1)
  send (https://edge.fscdn.org/assets/js/1.8.2/jquery-1.8.2.min-cfa9051cc0b05eb519f1e16b2a6645d7.js:1)
  ajax (https://edge.fscdn.org/assets/js/1.8.2/jquery-1.8.2.min-cfa9051cc0b05eb519f1e16b2a6645d7.js:1)
  L (:12)
  K (:12)
  A (:12)
  o (:12)
  exports (:12)
  (anonymous function) (https://edge.fscdn.org/assets/js/fs-2ae9f688c785932c66c919d5e298ddf9.js:1)
  (anonymous function) (https://edge.fscdn.org/assets/js/inject_0.7.1-de55c0ead9bd95d08e98b9cb493123a0.js:1)
  (anonymous function) (https://edge.fscdn.org/assets/js/inject_0.7.1-de55c0ead9bd95d08e98b9cb493123a0.js:1)
  execute (https://edge.fscdn.org/assets/js/inject_0.7.1-de55c0ead9bd95d08e98b9cb493123a0.js:1)
  l (https://edge.fscdn.org/assets/js/inject_0.7.1-de55c0ead9bd95d08e98b9cb493123a0.js:1)
  (anonymous function) (https://edge.fscdn.org/assets/js/inject_0.7.1-de55c0ead9bd95d08e98b9cb493123a0.js:1)
  j (https://edge.fscdn.org/assets/js/inject_0.7.1-de55c0ead9bd95d08e98b9cb493123a0.js:1)
  (anonymous function) (https://edge.fscdn.org/assets/js/inject_0.7.1-de55c0ead9bd95d08e98b9cb493123a0.js:1)
  j (https://edge.fscdn.org/assets/js/inject_0.7.1-de55c0ead9bd95d08e98b9cb493123a0.js:1)
  (anonymous function) (https://edge.fscdn.org/assets/js/inject_0.7.1-de55c0ead9bd95d08e98b9cb493123a0.js:1)
  j (https://edge.fscdn.org/assets/js/inject_0.7.1-de55c0ead9bd95d08e98b9cb493123a0.js:1)
  (anonymous function) (https://edge.fscdn.org/assets/js/inject_0.7.1-de55c0ead9bd95d08e98b9cb493123a0.js:1)
  downloadDependencies (https://edge.fscdn.org/assets/js/inject_0.7.1-de55c0ead9bd95d08e98b9cb493123a0.js:1)
  (anonymous function) (https://edge.fscdn.org/assets/js/inject_0.7.1-de55c0ead9bd95d08e98b9cb493123a0.js:1)
  (anonymous function) (https://edge.fscdn.org/assets/js/inject_0.7.1-de55c0ead9bd95d08e98b9cb493123a0.js:1)
  _next (https://edge.fscdn.org/assets/js/inject_0.7.1-de55c0ead9bd95d08e98b9cb493123a0.js:1)
  (anonymous function) (https://edge.fscdn.org/assets/js/inject_0.7.1-de55c0ead9bd95d08e98b9cb493123a0.js:1)
  (anonymous function) (https://edge.fscdn.org/assets/js/inject_0.7.1-de55c0ead9bd95d08e98b9cb493123a0.js:1)
  (anonymous function) (https://edge.fscdn.org/assets/js/inject_0.7.1-de55c0ead9bd95d08e98b9cb493123a0.js:1)
  _next (https://edge.fscdn.org/assets/js/inject_0.7.1-de55c0ead9bd95d08e98b9cb493123a0.js:1)
  (anonymous function) (https://edge.fscdn.org/assets/js/inject_0.7.1-de55c0ead9bd95d08e98b9cb493123a0.js:1)

  phantomjs://platform/console++.js:263 in error
[ERROR - 2016-11-23T20:50:24.072Z] Session [73861b10-b1be-11e6-8e35-b3ad7388d328] - page.onError - msg: InvalidStateError: DOM Exception 11: An attempt was made to use an object that is not, or is no longer, usable.

  phantomjs://platform/console++.js:263 in error
[ERROR - 2016-11-23T20:50:24.072Z] Session [73861b10-b1be-11e6-8e35-b3ad7388d328] - page.onError - stack:
  b (https://edge.fscdn.org/assets/js/fs-2ae9f688c785932c66c919d5e298ddf9.js:1)
  (anonymous function) (https://edge.fscdn.org/assets/js/fs-2ae9f688c785932c66c919d5e298ddf9.js:1)
  open (:0)
  open (https://edge.fscdn.org/assets/js/fs-2ae9f688c785932c66c919d5e298ddf9.js:1)
  send (https://edge.fscdn.org/assets/js/1.8.2/jquery-1.8.2.min-cfa9051cc0b05eb519f1e16b2a6645d7.js:1)
  ajax (https://edge.fscdn.org/assets/js/1.8.2/jquery-1.8.2.min-cfa9051cc0b05eb519f1e16b2a6645d7.js:1)
  q (:12)
  p (:12)
  (anonymous function) (:12)
  dispatch (https://edge.fscdn.org/assets/js/1.8.2/jquery-1.8.2.min-cfa9051cc0b05eb519f1e16b2a6645d7.js:1)
  h (https://edge.fscdn.org/assets/js/1.8.2/jquery-1.8.2.min-cfa9051cc0b05eb519f1e16b2a6645d7.js:1)
  trigger (https://edge.fscdn.org/assets/js/1.8.2/jquery-1.8.2.min-cfa9051cc0b05eb519f1e16b2a6645d7.js:1)
  (anonymous function) (https://edge.fscdn.org/assets/js/1.8.2/jquery-1.8.2.min-cfa9051cc0b05eb519f1e16b2a6645d7.js:1)
  each (https://edge.fscdn.org/assets/js/1.8.2/jquery-1.8.2.min-cfa9051cc0b05eb519f1e16b2a6645d7.js:1)
  each (https://edge.fscdn.org/assets/js/1.8.2/jquery-1.8.2.min-cfa9051cc0b05eb519f1e16b2a6645d7.js:1)
  trigger (https://edge.fscdn.org/assets/js/1.8.2/jquery-1.8.2.min-cfa9051cc0b05eb519f1e16b2a6645d7.js:1)
  (anonymous function) (:12)
  dispatch (https://edge.fscdn.org/assets/js/1.8.2/jquery-1.8.2.min-cfa9051cc0b05eb519f1e16b2a6645d7.js:1)
  h (https://edge.fscdn.org/assets/js/1.8.2/jquery-1.8.2.min-cfa9051cc0b05eb519f1e16b2a6645d7.js:1)
  dispatchEvent (:0)
  (anonymous function) (https://edge.fscdn.org/assets/js/fs-2ae9f688c785932c66c919d5e298ddf9.js:1)
  (anonymous function) (https://edge.fscdn.org/assets/js/inject_0.7.1-de55c0ead9bd95d08e98b9cb493123a0.js:1)
  (anonymous function) (https://edge.fscdn.org/assets/js/inject_0.7.1-de55c0ead9bd95d08e98b9cb493123a0.js:1)
  execute (https://edge.fscdn.org/assets/js/inject_0.7.1-de55c0ead9bd95d08e98b9cb493123a0.js:1)
  l (https://edge.fscdn.org/assets/js/inject_0.7.1-de55c0ead9bd95d08e98b9cb493123a0.js:1)
  (anonymous function) (https://edge.fscdn.org/assets/js/inject_0.7.1-de55c0ead9bd95d08e98b9cb493123a0.js:1)
  j (https://edge.fscdn.org/assets/js/inject_0.7.1-de55c0ead9bd95d08e98b9cb493123a0.js:1)
  (anonymous function) (https://edge.fscdn.org/assets/js/inject_0.7.1-de55c0ead9bd95d08e98b9cb493123a0.js:1)
  j (https://edge.fscdn.org/assets/js/inject_0.7.1-de55c0ead9bd95d08e98b9cb493123a0.js:1)
  (anonymous function) (https://edge.fscdn.org/assets/js/inject_0.7.1-de55c0ead9bd95d08e98b9cb493123a0.js:1)
  j (https://edge.fscdn.org/assets/js/inject_0.7.1-de55c0ead9bd95d08e98b9cb493123a0.js:1)
  (anonymous function) (https://edge.fscdn.org/assets/js/inject_0.7.1-de55c0ead9bd95d08e98b9cb493123a0.js:1)
  downloadDependencies (https://edge.fscdn.org/assets/js/inject_0.7.1-de55c0ead9bd95d08e98b9cb493123a0.js:1)
  (anonymous function) (https://edge.fscdn.org/assets/js/inject_0.7.1-de55c0ead9bd95d08e98b9cb493123a0.js:1)
  (anonymous function) (https://edge.fscdn.org/assets/js/inject_0.7.1-de55c0ead9bd95d08e98b9cb493123a0.js:1)
  _next (https://edge.fscdn.org/assets/js/inject_0.7.1-de55c0ead9bd95d08e98b9cb493123a0.js:1)
  (anonymous function) (https://edge.fscdn.org/assets/js/inject_0.7.1-de55c0ead9bd95d08e98b9cb493123a0.js:1)
  (anonymous function) (https://edge.fscdn.org/assets/js/inject_0.7.1-de55c0ead9bd95d08e98b[INFO  - 2016-11-23T20:55:14.505Z] SessionManagerReqHand - _cleanupWindowlessSessions - Asynchronous Sessions clean-up phase starting NOW
tps://edge.fscdn.org/assets/js/inject_0.7.1-de55c0ead9bd95d08e98b9cb493123a0.js:1)
  (anonymous function) (https://edge.fscdn.org/assets/js/inject_0.7.1-de55c0ead9bd95d08e98b9cb493123a0.js:1)

  phantomjs://platform/console++.js:263 in error
[ERROR - 2016-11-23T20:50:24.079Z] Session [73861b10-b1be-11e6-8e35-b3ad7388d328] - page.onError - msg: TypeError: undefined is not a function (evaluating 'window.performance.mark(a)')

  phantomjs://platform/console++.js:263 in error
[ERROR - 2016-11-23T20:50:24.079Z] Session [73861b10-b1be-11e6-8e35-b3ad7388d328] - page.onError - stack:
  (anonymous function) (https://edge.fscdn.org/assets/js/fs-2ae9f688c785932c66c919d5e298ddf9.js:1)

  phantomjs://platform/console++.js:263 in error
[ERROR - 2016-11-23T20:50:24.357Z] Session [73861b10-b1be-11e6-8e35-b3ad7388d328] - page.onError - msg: TypeError: undefined is not an object (evaluating 'a.length')

  phantomjs://platform/console++.js:263 in error
[ERROR - 2016-11-23T20:50:24.357Z] Session [73861b10-b1be-11e6-8e35-b3ad7388d328] - page.onError - stack:
  each (https://edge.fscdn.org/assets/js/1.8.2/jquery-1.8.2.min-cfa9051cc0b05eb519f1e16b2a6645d7.js:1)
  n (:12)
  success (:12)
  l (https://edge.fscdn.org/assets/js/1.8.2/jquery-1.8.2.min-cfa9051cc0b05eb519f1e16b2a6645d7.js:1)
  fireWith (https://edge.fscdn.org/assets/js/1.8.2/jquery-1.8.2.min-cfa9051cc0b05eb519f1e16b2a6645d7.js:1)
  d (https://edge.fscdn.org/assets/js/1.8.2/jquery-1.8.2.min-cfa9051cc0b05eb519f1e16b2a6645d7.js:1)
  d (https://edge.fscdn.org/assets/js/1.8.2/jquery-1.8.2.min-cfa9051cc0b05eb519f1e16b2a6645d7.js:1)

  phantomjs://platform/console++.js:263 in error
[ERROR - 2016-11-23T20:50:24.384Z] Session [73861b10-b1be-11e6-8e35-b3ad7388d328] - page.onError - msg: TypeError: undefined is not an object (evaluating 'c.searchHits.length')

  phantomjs://platform/console++.js:263 in error
[ERROR - 2016-11-23T20:50:24.384Z] Session [73861b10-b1be-11e6-8e35-b3ad7388d328] - page.onError - stack:
  prepareResults (undefined:12)
  E (:12)
  success (:12)
  l (https://edge.fscdn.org/assets/js/1.8.2/jquery-1.8.2.min-cfa9051cc0b05eb519f1e16b2a6645d7.js:1)
  fireWith (https://edge.fscdn.org/assets/js/1.8.2/jquery-1.8.2.min-cfa9051cc0b05eb519f1e16b2a6645d7.js:1)
  d (https://edge.fscdn.org/assets/js/1.8.2/jquery-1.8.2.min-cfa9051cc0b05eb519f1e16b2a6645d7.js:1)
  d (https://edge.fscdn.org/assets/js/1.8.2/jquery-1.8.2.min-cfa9051cc0b05eb519f1e16b2a6645d7.js:1)

  phantomjs://platform/console++.js:263 in error
[INFO  - 2016-11-23T20:55:21.219Z] SessionManagerReqHand - _cleanupWindowlessSessions - Asynchronous Sessions clean-up phase starting NOW
                                                                                                                                                                                                                                                                                                                                                                                                                                                                                                                                                                                                                                                                                                                                                                                                                                                                                                                                                                                                                                                                                                                                                                                                                                                                                                                                                                                                                                                                                                                                                                                                                                                                                                                                                                                                                                                                                                                                                                                                                                                             [INFO  - 2016-11-23T20:52:44.877Z] SessionManagerReqHand - _cleanupWindowlessSessions - Asynchronous Sessions clean-up phase starting NOW
